[2024-08-03T20:15:59.619+0000] {local_task_job_runner.py:120} INFO - ::group::Pre task execution logs
[2024-08-03T20:16:00.129+0000] {taskinstance.py:2076} INFO - Dependencies all met for dep_context=non-requeueable deps ti=<TaskInstance: etl_dag.extract_api scheduled__2024-08-03T15:50:00+00:00 [queued]>
[2024-08-03T20:16:00.283+0000] {taskinstance.py:2076} INFO - Dependencies all met for dep_context=requeueable deps ti=<TaskInstance: etl_dag.extract_api scheduled__2024-08-03T15:50:00+00:00 [queued]>
[2024-08-03T20:16:00.289+0000] {taskinstance.py:2306} INFO - Starting attempt 4 of 6
[2024-08-03T20:16:00.685+0000] {taskinstance.py:2330} INFO - Executing <Task(SimpleHttpOperator): extract_api> on 2024-08-03 15:50:00+00:00
[2024-08-03T20:16:01.023+0000] {warnings.py:112} WARNING - /home/***/.local/lib/python3.12/site-packages/***/task/task_runner/standard_task_runner.py:62: DeprecationWarning: This process (pid=3296) is multi-threaded, use of fork() may lead to deadlocks in the child.
  pid = os.fork()

[2024-08-03T20:16:01.077+0000] {standard_task_runner.py:64} INFO - Started process 3321 to run task
[2024-08-03T20:16:01.256+0000] {standard_task_runner.py:90} INFO - Running: ['***', 'tasks', 'run', 'etl_dag', 'extract_api', 'scheduled__2024-08-03T15:50:00+00:00', '--job-id', '619', '--raw', '--subdir', 'DAGS_FOLDER/etl_dag.py', '--cfg-path', '/tmp/tmpk2fi998e']
[2024-08-03T20:16:01.362+0000] {standard_task_runner.py:91} INFO - Job 619: Subtask extract_api
[2024-08-03T20:16:05.095+0000] {task_command.py:426} INFO - Running <TaskInstance: etl_dag.extract_api scheduled__2024-08-03T15:50:00+00:00 [running]> on host 69633e19c226
[2024-08-03T20:16:08.490+0000] {taskinstance.py:2648} INFO - Exporting env vars: AIRFLOW_CTX_DAG_OWNER='Gabriel Almeida' AIRFLOW_CTX_DAG_ID='etl_dag' AIRFLOW_CTX_TASK_ID='extract_api' AIRFLOW_CTX_EXECUTION_DATE='2024-08-03T15:50:00+00:00' AIRFLOW_CTX_TRY_NUMBER='4' AIRFLOW_CTX_DAG_RUN_ID='scheduled__2024-08-03T15:50:00+00:00'
[2024-08-03T20:16:08.574+0000] {taskinstance.py:430} INFO - ::endgroup::
[2024-08-03T20:16:08.608+0000] {http.py:173} INFO - Calling HTTP method
[2024-08-03T20:16:08.727+0000] {base.py:84} INFO - Using connection ID 'api_connection' for task execution.
[2024-08-03T20:16:08.812+0000] {base.py:84} INFO - Using connection ID 'api_connection' for task execution.
[2024-08-03T20:16:09.192+0000] {http.py:200} ERROR - HTTP error: Unauthorized
[2024-08-03T20:16:09.225+0000] {http.py:201} ERROR - {"response":{"message":"NÃ£o foram encontrados valores!"}}
[2024-08-03T20:16:09.230+0000] {taskinstance.py:441} INFO - ::group::Post task execution logs
[2024-08-03T20:16:10.575+0000] {taskinstance.py:2905} ERROR - Task failed with exception
Traceback (most recent call last):
  File "/home/airflow/.local/lib/python3.12/site-packages/airflow/providers/http/hooks/http.py", line 198, in check_response
    response.raise_for_status()
  File "/home/airflow/.local/lib/python3.12/site-packages/requests/models.py", line 1024, in raise_for_status
    raise HTTPError(http_error_msg, response=self)
requests.exceptions.HTTPError: 401 Client Error: Unauthorized for url: https://app.alunos.me/api/ahoy_viewer_ti

During handling of the above exception, another exception occurred:

Traceback (most recent call last):
  File "/home/airflow/.local/lib/python3.12/site-packages/airflow/models/taskinstance.py", line 465, in _execute_task
    result = _execute_callable(context=context, **execute_callable_kwargs)
             ^^^^^^^^^^^^^^^^^^^^^^^^^^^^^^^^^^^^^^^^^^^^^^^^^^^^^^^^^^^^^
  File "/home/airflow/.local/lib/python3.12/site-packages/airflow/models/taskinstance.py", line 432, in _execute_callable
    return execute_callable(context=context, **execute_callable_kwargs)
           ^^^^^^^^^^^^^^^^^^^^^^^^^^^^^^^^^^^^^^^^^^^^^^^^^^^^^^^^^^^^
  File "/home/airflow/.local/lib/python3.12/site-packages/airflow/models/baseoperator.py", line 401, in wrapper
    return func(self, *args, **kwargs)
           ^^^^^^^^^^^^^^^^^^^^^^^^^^^
  File "/home/airflow/.local/lib/python3.12/site-packages/airflow/providers/http/operators/http.py", line 170, in execute
    return self.execute_sync(context=context)
           ^^^^^^^^^^^^^^^^^^^^^^^^^^^^^^^^^^
  File "/home/airflow/.local/lib/python3.12/site-packages/airflow/providers/http/operators/http.py", line 179, in execute_sync
    response = self.hook.run(self.endpoint, self.data, self.headers, self.extra_options)
               ^^^^^^^^^^^^^^^^^^^^^^^^^^^^^^^^^^^^^^^^^^^^^^^^^^^^^^^^^^^^^^^^^^^^^^^^^
  File "/home/airflow/.local/lib/python3.12/site-packages/airflow/providers/http/hooks/http.py", line 188, in run
    return self.run_and_check(session, prepped_request, extra_options)
           ^^^^^^^^^^^^^^^^^^^^^^^^^^^^^^^^^^^^^^^^^^^^^^^^^^^^^^^^^^^
  File "/home/airflow/.local/lib/python3.12/site-packages/airflow/providers/http/hooks/http.py", line 239, in run_and_check
    self.check_response(response)
  File "/home/airflow/.local/lib/python3.12/site-packages/airflow/providers/http/hooks/http.py", line 202, in check_response
    raise AirflowException(str(response.status_code) + ":" + response.reason)
airflow.exceptions.AirflowException: 401:Unauthorized
[2024-08-03T20:16:10.808+0000] {taskinstance.py:1206} INFO - Marking task as UP_FOR_RETRY. dag_id=etl_dag, task_id=extract_api, run_id=scheduled__2024-08-03T15:50:00+00:00, execution_date=20240803T155000, start_date=20240803T201600, end_date=20240803T201610
[2024-08-03T20:16:11.149+0000] {standard_task_runner.py:110} ERROR - Failed to execute job 619 for task extract_api (401:Unauthorized; 3321)
[2024-08-03T20:16:11.373+0000] {local_task_job_runner.py:243} INFO - Task exited with return code 1
[2024-08-03T20:16:11.820+0000] {local_task_job_runner.py:222} INFO - ::endgroup::
