[2024-08-04T20:16:14.348+0000] {local_task_job_runner.py:120} INFO - ::group::Pre task execution logs
[2024-08-04T20:16:14.356+0000] {taskinstance.py:2076} INFO - Dependencies all met for dep_context=non-requeueable deps ti=<TaskInstance: etl_dag.carga_dimensao_company manual__2024-08-04T20:14:51.720681+00:00 [queued]>
[2024-08-04T20:16:14.360+0000] {taskinstance.py:2076} INFO - Dependencies all met for dep_context=requeueable deps ti=<TaskInstance: etl_dag.carga_dimensao_company manual__2024-08-04T20:14:51.720681+00:00 [queued]>
[2024-08-04T20:16:14.360+0000] {taskinstance.py:2306} INFO - Starting attempt 2 of 6
[2024-08-04T20:16:14.365+0000] {taskinstance.py:2330} INFO - Executing <Task(PythonOperator): carga_dimensao_company> on 2024-08-04 20:14:51.720681+00:00
[2024-08-04T20:16:14.369+0000] {warnings.py:112} WARNING - /home/***/.local/lib/python3.12/site-packages/***/task/task_runner/standard_task_runner.py:62: DeprecationWarning: This process (pid=2327) is multi-threaded, use of fork() may lead to deadlocks in the child.
  pid = os.fork()

[2024-08-04T20:16:14.371+0000] {standard_task_runner.py:64} INFO - Started process 2329 to run task
[2024-08-04T20:16:14.371+0000] {standard_task_runner.py:90} INFO - Running: ['***', 'tasks', 'run', 'etl_dag', 'carga_dimensao_company', 'manual__2024-08-04T20:14:51.720681+00:00', '--job-id', '923', '--raw', '--subdir', 'DAGS_FOLDER/etl_dag.py', '--cfg-path', '/tmp/tmpyw1mh05a']
[2024-08-04T20:16:14.372+0000] {standard_task_runner.py:91} INFO - Job 923: Subtask carga_dimensao_company
[2024-08-04T20:16:14.399+0000] {task_command.py:426} INFO - Running <TaskInstance: etl_dag.carga_dimensao_company manual__2024-08-04T20:14:51.720681+00:00 [running]> on host 83ccd21ce624
[2024-08-04T20:16:14.463+0000] {taskinstance.py:2648} INFO - Exporting env vars: AIRFLOW_CTX_DAG_OWNER='Gabriel Almeida' AIRFLOW_CTX_DAG_ID='etl_dag' AIRFLOW_CTX_TASK_ID='carga_dimensao_company' AIRFLOW_CTX_EXECUTION_DATE='2024-08-04T20:14:51.720681+00:00' AIRFLOW_CTX_TRY_NUMBER='2' AIRFLOW_CTX_DAG_RUN_ID='manual__2024-08-04T20:14:51.720681+00:00'
[2024-08-04T20:16:14.464+0000] {taskinstance.py:430} INFO - ::endgroup::
[2024-08-04T20:16:14.534+0000] {base.py:84} INFO - Using connection ID 'postgres_conn' for task execution.
[2024-08-04T20:16:14.562+0000] {taskinstance.py:441} INFO - ::group::Post task execution logs
[2024-08-04T20:16:14.562+0000] {taskinstance.py:2905} ERROR - Task failed with exception
Traceback (most recent call last):
  File "/home/airflow/.local/lib/python3.12/site-packages/sqlalchemy/engine/base.py", line 1910, in _execute_context
    self.dialect.do_execute(
  File "/home/airflow/.local/lib/python3.12/site-packages/sqlalchemy/engine/default.py", line 736, in do_execute
    cursor.execute(statement, parameters)
psycopg2.errors.InvalidColumnReference: there is no unique or exclusion constraint matching the ON CONFLICT specification


The above exception was the direct cause of the following exception:

Traceback (most recent call last):
  File "/home/airflow/.local/lib/python3.12/site-packages/airflow/models/taskinstance.py", line 465, in _execute_task
    result = _execute_callable(context=context, **execute_callable_kwargs)
             ^^^^^^^^^^^^^^^^^^^^^^^^^^^^^^^^^^^^^^^^^^^^^^^^^^^^^^^^^^^^^
  File "/home/airflow/.local/lib/python3.12/site-packages/airflow/models/taskinstance.py", line 432, in _execute_callable
    return execute_callable(context=context, **execute_callable_kwargs)
           ^^^^^^^^^^^^^^^^^^^^^^^^^^^^^^^^^^^^^^^^^^^^^^^^^^^^^^^^^^^^
  File "/home/airflow/.local/lib/python3.12/site-packages/airflow/models/baseoperator.py", line 401, in wrapper
    return func(self, *args, **kwargs)
           ^^^^^^^^^^^^^^^^^^^^^^^^^^^
  File "/home/airflow/.local/lib/python3.12/site-packages/airflow/operators/python.py", line 235, in execute
    return_value = self.execute_callable()
                   ^^^^^^^^^^^^^^^^^^^^^^^
  File "/home/airflow/.local/lib/python3.12/site-packages/airflow/operators/python.py", line 252, in execute_callable
    return self.python_callable(*self.op_args, **self.op_kwargs)
           ^^^^^^^^^^^^^^^^^^^^^^^^^^^^^^^^^^^^^^^^^^^^^^^^^^^^^
  File "/opt/airflow/dags/etl/dim_load.py", line 33, in load_dim_company
    conn.execute(f"""
  File "<string>", line 2, in execute
  File "/home/airflow/.local/lib/python3.12/site-packages/sqlalchemy/util/deprecations.py", line 468, in warned
    return fn(*args, **kwargs)
           ^^^^^^^^^^^^^^^^^^^
  File "/home/airflow/.local/lib/python3.12/site-packages/sqlalchemy/engine/base.py", line 3267, in execute
    return connection.execute(statement, *multiparams, **params)
           ^^^^^^^^^^^^^^^^^^^^^^^^^^^^^^^^^^^^^^^^^^^^^^^^^^^^^
  File "/home/airflow/.local/lib/python3.12/site-packages/sqlalchemy/engine/base.py", line 1370, in execute
    return self._exec_driver_sql(
           ^^^^^^^^^^^^^^^^^^^^^^
  File "/home/airflow/.local/lib/python3.12/site-packages/sqlalchemy/engine/base.py", line 1674, in _exec_driver_sql
    ret = self._execute_context(
          ^^^^^^^^^^^^^^^^^^^^^^
  File "/home/airflow/.local/lib/python3.12/site-packages/sqlalchemy/engine/base.py", line 1953, in _execute_context
    self._handle_dbapi_exception(
  File "/home/airflow/.local/lib/python3.12/site-packages/sqlalchemy/engine/base.py", line 2134, in _handle_dbapi_exception
    util.raise_(
  File "/home/airflow/.local/lib/python3.12/site-packages/sqlalchemy/util/compat.py", line 211, in raise_
    raise exception
  File "/home/airflow/.local/lib/python3.12/site-packages/sqlalchemy/engine/base.py", line 1910, in _execute_context
    self.dialect.do_execute(
  File "/home/airflow/.local/lib/python3.12/site-packages/sqlalchemy/engine/default.py", line 736, in do_execute
    cursor.execute(statement, parameters)
sqlalchemy.exc.ProgrammingError: (psycopg2.errors.InvalidColumnReference) there is no unique or exclusion constraint matching the ON CONFLICT specification

[SQL: 
            INSERT INTO public.dimcompany (company)
            VALUES ('Unifenas')
            ON CONFLICT (company) DO NOTHING;
        ]
(Background on this error at: https://sqlalche.me/e/14/f405)
[2024-08-04T20:16:14.576+0000] {taskinstance.py:1206} INFO - Marking task as UP_FOR_RETRY. dag_id=etl_dag, task_id=carga_dimensao_company, run_id=manual__2024-08-04T20:14:51.720681+00:00, execution_date=20240804T201451, start_date=20240804T201614, end_date=20240804T201614
[2024-08-04T20:16:14.588+0000] {standard_task_runner.py:110} ERROR - Failed to execute job 923 for task carga_dimensao_company ((psycopg2.errors.InvalidColumnReference) there is no unique or exclusion constraint matching the ON CONFLICT specification

[SQL: 
            INSERT INTO public.dimcompany (company)
            VALUES ('Unifenas')
            ON CONFLICT (company) DO NOTHING;
        ]
(Background on this error at: https://sqlalche.me/e/14/f405); 2329)
[2024-08-04T20:16:14.639+0000] {local_task_job_runner.py:243} INFO - Task exited with return code 1
[2024-08-04T20:16:14.659+0000] {taskinstance.py:3503} INFO - 0 downstream tasks scheduled from follow-on schedule check
[2024-08-04T20:16:14.660+0000] {local_task_job_runner.py:222} INFO - ::endgroup::
